Using pre-set license
Built from '2021.1/staging' branch; Version is '2021.1.3f1 (4bef613afd59) revision 4976481'; Using compiler version '192528614'; Build Type 'Release'
OS: 'Windows 10 Pro; OS build 22621.1702; Version 2009; 64bit' Language: 'en' Physical Memory: 16249 MB
BatchMode: 1, IsHumanControllingUs: 0, StartBugReporterOnCrash: 0, Is64bit: 1, IsPro: 0

 COMMAND LINE ARGUMENTS:
C:\Program Files\Unity\Hub\Editor\2021.1.3f1\Editor\Unity.exe
-adb2
-batchMode
-noUpm
-name
AssetImportWorker0
-projectPath
E:/code/gd-final
-logFile
Logs/AssetImportWorker0.log
-srvPort
61430
Successfully changed project path to: E:/code/gd-final
E:/code/gd-final
Using Asset Import Pipeline V2.
Refreshing native plugins compatible for Editor in 130.58 ms, found 1 plugins.
Preloading 0 native plugins for Editor in 0.00 ms.
Initialize engine version: 2021.1.3f1 (4bef613afd59)
[Subsystems] Discovering subsystems at path C:/Program Files/Unity/Hub/Editor/2021.1.3f1/Editor/Data/Resources/UnitySubsystems
[Subsystems] Discovering subsystems at path E:/code/gd-final/Assets
GfxDevice: creating device client; threaded=0; jobified=0
Direct3D:
    Version:  Direct3D 11.0 [level 11.1]
    Renderer: NVIDIA GeForce RTX 2060 SUPER (ID=0x1f06)
    Vendor:   NVIDIA
    VRAM:     8019 MB
    Driver:   31.0.15.3130
Initialize mono
Mono path[0] = 'C:/Program Files/Unity/Hub/Editor/2021.1.3f1/Editor/Data/Managed'
Mono path[1] = 'C:/Program Files/Unity/Hub/Editor/2021.1.3f1/Editor/Data/MonoBleedingEdge/lib/mono/unityjit'
Mono config path = 'C:/Program Files/Unity/Hub/Editor/2021.1.3f1/Editor/Data/MonoBleedingEdge/etc'
Using monoOptions --debugger-agent=transport=dt_socket,embedding=1,server=y,suspend=n,address=127.0.0.1:56240
Begin MonoManager ReloadAssembly
Registering precompiled unity dll's ...
Register platform support module: C:/Program Files/Unity/Hub/Editor/2021.1.3f1/Editor/Data/PlaybackEngines/WindowsStandaloneSupport/UnityEditor.WindowsStandalone.Extensions.dll
Registered in 0.204690 seconds.
Native extension for WindowsStandalone target not found
Refreshing native plugins compatible for Editor in 70.14 ms, found 1 plugins.
Preloading 0 native plugins for Editor in 0.00 ms.
Mono: successfully reloaded assembly
- Completed reload, in  5.236 seconds
Platform modules already initialized, skipping
Registering precompiled user dll's ...
Registered in 0.357333 seconds.
Begin MonoManager ReloadAssembly
Native extension for WindowsStandalone target not found
Refreshing native plugins compatible for Editor in 0.47 ms, found 1 plugins.
Preloading 0 native plugins for Editor in 0.00 ms.
Mono: successfully reloaded assembly
- Completed reload, in  3.063 seconds
Platform modules already initialized, skipping
========================================================================
Worker process is ready to serve import requests
Launched and connected shader compiler UnityShaderCompiler.exe after 0.07 seconds
Refreshing native plugins compatible for Editor in 0.73 ms, found 1 plugins.
Preloading 0 native plugins for Editor in 0.00 ms.
Unloading 2706 Unused Serialized files (Serialized files now loaded: 0)
System memory in use before: 102.7 MB.
System memory in use after: 102.9 MB.

Unloading 16 unused Assets to reduce memory usage. Loaded Objects now: 3159.
Total: 2.306200 ms (FindLiveObjects: 0.343100 ms CreateObjectMapping: 0.295400 ms MarkObjects: 1.601500 ms  DeleteObjects: 0.065200 ms)

========================================================================
Received Import Request.
  path: Assets/Scripts/Compute
  artifactKey: Guid(c9409162d997d4f8f832599634e22405) Importer(815301076,1909f56bfc062723c751e8b465ee728b)
Start importing Assets/Scripts/Compute using Guid(c9409162d997d4f8f832599634e22405) Importer(815301076,1909f56bfc062723c751e8b465ee728b)  -> (artifact id: '072fa7a6be8a07db02c5708f413786a5') in 0.007601 seconds 
========================================================================
Received Import Request.
  Time since last request: 0.000252 seconds.
  path: Assets/Scenes/TerrainSettings.lighting
  artifactKey: Guid(a3252e5d484a761409d64ec8f525c0fd) Importer(815301076,1909f56bfc062723c751e8b465ee728b)
Start importing Assets/Scenes/TerrainSettings.lighting using Guid(a3252e5d484a761409d64ec8f525c0fd) Importer(815301076,1909f56bfc062723c751e8b465ee728b)  -> (artifact id: 'a7207aae7b65dcf5be020cc455e5080e') in 0.037129 seconds 
========================================================================
Received Import Request.
  Time since last request: 3556.275284 seconds.
  path: Assets/Audio
  artifactKey: Guid(b766766089452fd408475fe691b11e37) Importer(815301076,1909f56bfc062723c751e8b465ee728b)
Start importing Assets/Audio using Guid(b766766089452fd408475fe691b11e37) Importer(815301076,1909f56bfc062723c751e8b465ee728b)  -> (artifact id: 'f3f845f9b80b3a6ded8caa95beaf2caa') in 0.007120 seconds 
========================================================================
Received Import Request.
  Time since last request: 3.214408 seconds.
  path: Packages/com.unity.ext.nunit
  artifactKey: Guid(25a477c2f24db8778a4179421a32cc21) Importer(815301076,1909f56bfc062723c751e8b465ee728b)
Start importing Packages/com.unity.ext.nunit using Guid(25a477c2f24db8778a4179421a32cc21) Importer(815301076,1909f56bfc062723c751e8b465ee728b)  -> (artifact id: '982fcd05232cdcbc65689c589869ad84') in 0.006221 seconds 
========================================================================
Received Import Request.
  Time since last request: 0.347450 seconds.
  path: Packages/com.unity.test-framework
  artifactKey: Guid(6023f2b823fc19b4e4a90875281ff117) Importer(815301076,1909f56bfc062723c751e8b465ee728b)
Start importing Packages/com.unity.test-framework using Guid(6023f2b823fc19b4e4a90875281ff117) Importer(815301076,1909f56bfc062723c751e8b465ee728b)  -> (artifact id: '95b8dd65098291cb0e1cd6a77d5087ac') in 0.005502 seconds 
========================================================================
Received Import Request.
  Time since last request: 0.293321 seconds.
  path: Packages/com.unity.collab-proxy
  artifactKey: Guid(1adad61bfb44214ee3e887b5febc4396) Importer(815301076,1909f56bfc062723c751e8b465ee728b)
Start importing Packages/com.unity.collab-proxy using Guid(1adad61bfb44214ee3e887b5febc4396) Importer(815301076,1909f56bfc062723c751e8b465ee728b)  -> (artifact id: 'b928a9ff67980203b8480ec5c1bb134a') in 0.005798 seconds 
========================================================================
Received Import Request.
  Time since last request: 0.294879 seconds.
  path: Packages/com.unity.ide.vscode
  artifactKey: Guid(1c61a04a5b7737c4d16673d64be4194e) Importer(815301076,1909f56bfc062723c751e8b465ee728b)
Start importing Packages/com.unity.ide.vscode using Guid(1c61a04a5b7737c4d16673d64be4194e) Importer(815301076,1909f56bfc062723c751e8b465ee728b)  -> (artifact id: '615db7d226316af983f81d12c205ed17') in 0.006137 seconds 
========================================================================
Received Import Request.
  Time since last request: 0.413054 seconds.
  path: Packages/com.unity.ide.visualstudio
  artifactKey: Guid(9db636ca49aa246019dd93b7c8b689f4) Importer(815301076,1909f56bfc062723c751e8b465ee728b)
Start importing Packages/com.unity.ide.visualstudio using Guid(9db636ca49aa246019dd93b7c8b689f4) Importer(815301076,1909f56bfc062723c751e8b465ee728b)  -> (artifact id: '7a25133a25598096cb0c12d69edbb35a') in 0.005461 seconds 
========================================================================
Received Import Request.
  Time since last request: 0.310443 seconds.
  path: Packages/com.unity.visualscripting
  artifactKey: Guid(93868626a0cf5222c7337ca621f54253) Importer(815301076,1909f56bfc062723c751e8b465ee728b)
Start importing Packages/com.unity.visualscripting using Guid(93868626a0cf5222c7337ca621f54253) Importer(815301076,1909f56bfc062723c751e8b465ee728b)  -> (artifact id: '0d17107f1b80867d2b66c75d63a0b244') in 0.005967 seconds 
========================================================================
Received Import Request.
  Time since last request: 0.750764 seconds.
  path: Packages/com.unity.textmeshpro
  artifactKey: Guid(cabaa672b0e3ee91fa7b6da4daab7970) Importer(815301076,1909f56bfc062723c751e8b465ee728b)
Start importing Packages/com.unity.textmeshpro using Guid(cabaa672b0e3ee91fa7b6da4daab7970) Importer(815301076,1909f56bfc062723c751e8b465ee728b)  -> (artifact id: '533f18419762bfc213c5a9781779af1a') in 0.008860 seconds 
========================================================================
Received Import Request.
  Time since last request: 0.914890 seconds.
  path: Packages/com.unity.ide.rider
  artifactKey: Guid(ea5aa18a49e4f29d74984ea0ea11a238) Importer(815301076,1909f56bfc062723c751e8b465ee728b)
Start importing Packages/com.unity.ide.rider using Guid(ea5aa18a49e4f29d74984ea0ea11a238) Importer(815301076,1909f56bfc062723c751e8b465ee728b)  -> (artifact id: 'fe6913571c2230cc683d99a85435a7fb') in 0.006100 seconds 
========================================================================
Received Import Request.
  Time since last request: 349.592080 seconds.
  path: Assets/Editor
  artifactKey: Guid(a77cd8598c5c144ac8b439e6947e2c80) Importer(815301076,1909f56bfc062723c751e8b465ee728b)
Start importing Assets/Editor using Guid(a77cd8598c5c144ac8b439e6947e2c80) Importer(815301076,1909f56bfc062723c751e8b465ee728b)  -> (artifact id: 'b99e5bb381c508dbd9349ab8fb8cb151') in 0.006214 seconds 
========================================================================
Received Import Request.
  Time since last request: 25.575477 seconds.
  path: Assets/ConnectionManager.cs
  artifactKey: Guid(b1ee1faa6033f7f4fb082662007cdcdc) Importer(815301076,1909f56bfc062723c751e8b465ee728b)
Start importing Assets/ConnectionManager.cs using Guid(b1ee1faa6033f7f4fb082662007cdcdc) Importer(815301076,1909f56bfc062723c751e8b465ee728b)  -> (artifact id: '91f31d0d12a1230a28d990ea26c29ca7') in 0.010176 seconds 
========================================================================
Received Import Request.
  Time since last request: 115.061639 seconds.
  path: Assets/Audio/Footsteps - Essentials
  artifactKey: Guid(af17cfb309b02ab4493d0c35023de407) Importer(815301076,1909f56bfc062723c751e8b465ee728b)
Start importing Assets/Audio/Footsteps - Essentials using Guid(af17cfb309b02ab4493d0c35023de407) Importer(815301076,1909f56bfc062723c751e8b465ee728b)  -> (artifact id: 'a66f6511a427b2318d2a0a8902bd22a4') in 0.006128 seconds 
========================================================================
Received Import Request.
  Time since last request: 1.749799 seconds.
  path: Assets/Audio/Lo-Fi Chillout Music For Games
  artifactKey: Guid(54686537e0f25bd4f92f171d73805f29) Importer(815301076,1909f56bfc062723c751e8b465ee728b)
Start importing Assets/Audio/Lo-Fi Chillout Music For Games using Guid(54686537e0f25bd4f92f171d73805f29) Importer(815301076,1909f56bfc062723c751e8b465ee728b)  -> (artifact id: 'edce7b1d3c613149a0f93bfb9d454fa6') in 0.007210 seconds 
========================================================================
Received Import Request.
  Time since last request: 1.013148 seconds.
  path: Assets/Audio/Lo-Fi Chillout Music For Games/Lo-Fi Music
  artifactKey: Guid(7bd62f82df82dd247a76a81e76a3b75e) Importer(815301076,1909f56bfc062723c751e8b465ee728b)
Start importing Assets/Audio/Lo-Fi Chillout Music For Games/Lo-Fi Music using Guid(7bd62f82df82dd247a76a81e76a3b75e) Importer(815301076,1909f56bfc062723c751e8b465ee728b)  -> (artifact id: '45f437488266071855b5f0fb77ae3d9d') in 0.011919 seconds 
========================================================================
Received Import Request.
  Time since last request: 0.068106 seconds.
  path: Assets/Audio/Lo-Fi Chillout Music For Games/Lo-Fi Music/1Dreams Of Her Best Friend.wav
  artifactKey: Guid(a73b50ea7984f3d45957d4c12cbe9497) Importer(815301076,1909f56bfc062723c751e8b465ee728b)
Start importing Assets/Audio/Lo-Fi Chillout Music For Games/Lo-Fi Music/1Dreams Of Her Best Friend.wav using Guid(a73b50ea7984f3d45957d4c12cbe9497) Importer(815301076,1909f56bfc062723c751e8b465ee728b)  -> (artifact id: '6d78b49dffc50937221c339c408b32e8') in 0.075673 seconds 
========================================================================
Received Import Request.
  Time since last request: 0.000186 seconds.
  path: Assets/Audio/Lo-Fi Chillout Music For Games/Lo-Fi Music/5Homesick And Lies.wav
  artifactKey: Guid(612a37c3b8925e045b4612fd857463bd) Importer(815301076,1909f56bfc062723c751e8b465ee728b)
Start importing Assets/Audio/Lo-Fi Chillout Music For Games/Lo-Fi Music/5Homesick And Lies.wav using Guid(612a37c3b8925e045b4612fd857463bd) Importer(815301076,1909f56bfc062723c751e8b465ee728b)  -> (artifact id: '998b47a1d36fbb43efae660b056886f0') in 0.012388 seconds 
========================================================================
Received Import Request.
  Time since last request: 0.000808 seconds.
  path: Assets/Audio/Lo-Fi Chillout Music For Games/Lo-Fi Music/6Let Go, So Do I.wav
  artifactKey: Guid(f23941e21320b5b42af7d834b6c3b1db) Importer(815301076,1909f56bfc062723c751e8b465ee728b)
Start importing Assets/Audio/Lo-Fi Chillout Music For Games/Lo-Fi Music/6Let Go, So Do I.wav using Guid(f23941e21320b5b42af7d834b6c3b1db) Importer(815301076,1909f56bfc062723c751e8b465ee728b)  -> (artifact id: 'c9bf33e476b5e6dd21842f34593902cd') in 0.009906 seconds 
========================================================================
Received Import Request.
  Time since last request: 0.000182 seconds.
  path: Assets/Audio/Lo-Fi Chillout Music For Games/Lo-Fi Music/9Homesick And Tomorrow.wav
  artifactKey: Guid(7d7f5edfb13648c4e963ece3ee92ed2f) Importer(815301076,1909f56bfc062723c751e8b465ee728b)
Start importing Assets/Audio/Lo-Fi Chillout Music For Games/Lo-Fi Music/9Homesick And Tomorrow.wav using Guid(7d7f5edfb13648c4e963ece3ee92ed2f) Importer(815301076,1909f56bfc062723c751e8b465ee728b)  -> (artifact id: '6ddf8fdc5abfd0f9dee133b640ca5e50') in 0.010036 seconds 
========================================================================
Received Import Request.
  Time since last request: 0.000180 seconds.
  path: Assets/Audio/Lo-Fi Chillout Music For Games/Lo-Fi Music/13Respect Of Forever.wav
  artifactKey: Guid(da2364bcebf1bf049af59cdc0d67b902) Importer(815301076,1909f56bfc062723c751e8b465ee728b)
Start importing Assets/Audio/Lo-Fi Chillout Music For Games/Lo-Fi Music/13Respect Of Forever.wav using Guid(da2364bcebf1bf049af59cdc0d67b902) Importer(815301076,1909f56bfc062723c751e8b465ee728b)  -> (artifact id: '8240b1a615c287134bda783a6cf576eb') in 0.016901 seconds 
========================================================================
Received Import Request.
  Time since last request: 0.000150 seconds.
  path: Assets/Audio/Lo-Fi Chillout Music For Games/Lo-Fi Music/4Broken And Smile.wav
  artifactKey: Guid(cf772cf3949fa39468efd672450ce9ca) Importer(815301076,1909f56bfc062723c751e8b465ee728b)
Start importing Assets/Audio/Lo-Fi Chillout Music For Games/Lo-Fi Music/4Broken And Smile.wav using Guid(cf772cf3949fa39468efd672450ce9ca) Importer(815301076,1909f56bfc062723c751e8b465ee728b)  -> (artifact id: '7754e80163a3ebaff159578259c7b3ea') in 0.031736 seconds 
========================================================================
Received Import Request.
  Time since last request: 0.000172 seconds.
  path: Assets/Audio/Lo-Fi Chillout Music For Games/Lo-Fi Music/11Forget Her Fire.wav
  artifactKey: Guid(980172bf460ebef409c447ed6145d1dc) Importer(815301076,1909f56bfc062723c751e8b465ee728b)
Start importing Assets/Audio/Lo-Fi Chillout Music For Games/Lo-Fi Music/11Forget Her Fire.wav using Guid(980172bf460ebef409c447ed6145d1dc) Importer(815301076,1909f56bfc062723c751e8b465ee728b)  -> (artifact id: '17ecd75619fe0c9e682fd145d5270d13') in 0.013782 seconds 
========================================================================
Received Import Request.
  Time since last request: 0.000144 seconds.
  path: Assets/Audio/Lo-Fi Chillout Music For Games/Lo-Fi Music/14Door Of The Last Time.wav
  artifactKey: Guid(fdf5c196ba068364693183956d9dfa30) Importer(815301076,1909f56bfc062723c751e8b465ee728b)
Start importing Assets/Audio/Lo-Fi Chillout Music For Games/Lo-Fi Music/14Door Of The Last Time.wav using Guid(fdf5c196ba068364693183956d9dfa30) Importer(815301076,1909f56bfc062723c751e8b465ee728b)  -> (artifact id: '4f669570a34c2bc4df29287c979a8143') in 0.009824 seconds 
========================================================================
Received Import Request.
  Time since last request: 0.000149 seconds.
  path: Assets/Audio/Lo-Fi Chillout Music For Games/Lo-Fi Music/12A Day Of Something.wav
  artifactKey: Guid(af6820b68bf376a43998c5f50d5cde34) Importer(815301076,1909f56bfc062723c751e8b465ee728b)
Start importing Assets/Audio/Lo-Fi Chillout Music For Games/Lo-Fi Music/12A Day Of Something.wav using Guid(af6820b68bf376a43998c5f50d5cde34) Importer(815301076,1909f56bfc062723c751e8b465ee728b)  -> (artifact id: 'bd4e54b6df4575c3bca72b0b3093b5a7') in 0.013610 seconds 
========================================================================
Received Import Request.
  Time since last request: 0.000134 seconds.
  path: Assets/Audio/Lo-Fi Chillout Music For Games/Lo-Fi Music/10Loved My Mistake.wav
  artifactKey: Guid(8a5955ac681ca8a47847723bc64370fa) Importer(815301076,1909f56bfc062723c751e8b465ee728b)
Start importing Assets/Audio/Lo-Fi Chillout Music For Games/Lo-Fi Music/10Loved My Mistake.wav using Guid(8a5955ac681ca8a47847723bc64370fa) Importer(815301076,1909f56bfc062723c751e8b465ee728b)  -> (artifact id: '4b8f393d2e11fb07f1a754e1aac7ca41') in 0.013980 seconds 
========================================================================
Received Import Request.
  Time since last request: 0.000296 seconds.
  path: Assets/Audio/Lo-Fi Chillout Music For Games/Lo-Fi Music/8I Heard I'm Bad For You.wav
  artifactKey: Guid(e146c3ea57526004b8128bff463c4a97) Importer(815301076,1909f56bfc062723c751e8b465ee728b)
Start importing Assets/Audio/Lo-Fi Chillout Music For Games/Lo-Fi Music/8I Heard I'm Bad For You.wav using Guid(e146c3ea57526004b8128bff463c4a97) Importer(815301076,1909f56bfc062723c751e8b465ee728b)  -> (artifact id: '53fe2daca57d49b02a168b49943797ff') in 0.009453 seconds 
========================================================================
Received Import Request.
  Time since last request: 0.000269 seconds.
  path: Assets/Audio/Lo-Fi Chillout Music For Games/Lo-Fi Music/15History of my heart.wav
  artifactKey: Guid(0a80a95d2b94c7b468163aaa3f08552d) Importer(815301076,1909f56bfc062723c751e8b465ee728b)
Start importing Assets/Audio/Lo-Fi Chillout Music For Games/Lo-Fi Music/15History of my heart.wav using Guid(0a80a95d2b94c7b468163aaa3f08552d) Importer(815301076,1909f56bfc062723c751e8b465ee728b)  -> (artifact id: '099c27553f15ada8f32d1599273ffcab') in 0.009208 seconds 
========================================================================
Received Import Request.
  Time since last request: 0.000203 seconds.
  path: Assets/Audio/Lo-Fi Chillout Music For Games/Lo-Fi Music/2Stormy And Choice.wav
  artifactKey: Guid(5e0e2d64ff0af2a4c8fba8b3f5d17007) Importer(815301076,1909f56bfc062723c751e8b465ee728b)
Start importing Assets/Audio/Lo-Fi Chillout Music For Games/Lo-Fi Music/2Stormy And Choice.wav using Guid(5e0e2d64ff0af2a4c8fba8b3f5d17007) Importer(815301076,1909f56bfc062723c751e8b465ee728b)  -> (artifact id: 'ea96c0dad56936eb1915620118743c91') in 0.011579 seconds 
========================================================================
Received Import Request.
  Time since last request: 0.000175 seconds.
  path: Assets/Audio/Lo-Fi Chillout Music For Games/Lo-Fi Music/7I No Longer Need You.wav
  artifactKey: Guid(fcb7bd0f27907b848a417c8d5b0fd06f) Importer(815301076,1909f56bfc062723c751e8b465ee728b)
Start importing Assets/Audio/Lo-Fi Chillout Music For Games/Lo-Fi Music/7I No Longer Need You.wav using Guid(fcb7bd0f27907b848a417c8d5b0fd06f) Importer(815301076,1909f56bfc062723c751e8b465ee728b)  -> (artifact id: '8439ca16c2a19a66eb14357a6a9a07fb') in 0.010128 seconds 
========================================================================
Received Import Request.
  Time since last request: 0.000119 seconds.
  path: Assets/Audio/Lo-Fi Chillout Music For Games/Lo-Fi Music/3Home Of My Heart.wav
  artifactKey: Guid(b95f425f538326b43b6c85e0960d8488) Importer(815301076,1909f56bfc062723c751e8b465ee728b)
Start importing Assets/Audio/Lo-Fi Chillout Music For Games/Lo-Fi Music/3Home Of My Heart.wav using Guid(b95f425f538326b43b6c85e0960d8488) Importer(815301076,1909f56bfc062723c751e8b465ee728b)  -> (artifact id: '70e9fd557bddb2b5c923b9f6d072c6ab') in 0.013271 seconds 
========================================================================
Received Import Request.
  Time since last request: 296.948755 seconds.
  path: Assets/Scenes
  artifactKey: Guid(e3aae73792b77f746983b555831f728b) Importer(815301076,1909f56bfc062723c751e8b465ee728b)
Start importing Assets/Scenes using Guid(e3aae73792b77f746983b555831f728b) Importer(815301076,1909f56bfc062723c751e8b465ee728b)  -> (artifact id: '664295e6b51b6628c6e8ca05dde1b574') in 0.005188 seconds 
========================================================================
Received Import Request.
  Time since last request: 1.268198 seconds.
  path: Assets/Scenes/Terrain.unity
  artifactKey: Guid(8c7a90472e0ce44c399bb36f11b1af13) Importer(815301076,1909f56bfc062723c751e8b465ee728b)
Start importing Assets/Scenes/Terrain.unity using Guid(8c7a90472e0ce44c399bb36f11b1af13) Importer(815301076,1909f56bfc062723c751e8b465ee728b)  -> (artifact id: '354eb6b90b2977ae0b023a12277847d1') in 0.008427 seconds 
========================================================================
Received Prepare
Registering precompiled user dll's ...
Registered in 0.002248 seconds.
Begin MonoManager ReloadAssembly
Native extension for WindowsStandalone target not found
Refreshing native plugins compatible for Editor in 0.56 ms, found 1 plugins.
Preloading 0 native plugins for Editor in 0.00 ms.
Mono: successfully reloaded assembly
- Completed reload, in  0.991 seconds
Platform modules already initialized, skipping
Refreshing native plugins compatible for Editor in 0.71 ms, found 1 plugins.
Preloading 0 native plugins for Editor in 0.00 ms.
Unloading 2685 Unused Serialized files (Serialized files now loaded: 0)
System memory in use before: 104.8 MB.
System memory in use after: 105.0 MB.

Unloading 11 unused Assets to reduce memory usage. Loaded Objects now: 3171.
Total: 2.901900 ms (FindLiveObjects: 0.401400 ms CreateObjectMapping: 0.215300 ms MarkObjects: 2.219100 ms  DeleteObjects: 0.064700 ms)

========================================================================
Received Import Request.
  Time since last request: 1029.730751 seconds.
  path: Assets/Audio/FATE ISNT REAL.mp3
  artifactKey: Guid(d3c040e200eb5d445b481c9ca4e9d78a) Importer(815301076,1909f56bfc062723c751e8b465ee728b)
Start importing Assets/Audio/FATE ISNT REAL.mp3 using Guid(d3c040e200eb5d445b481c9ca4e9d78a) Importer(815301076,1909f56bfc062723c751e8b465ee728b)  -> (artifact id: 'a5c36668b829bc738c3e471a3f8e7051') in 0.055833 seconds 
========================================================================
Received Import Request.
  Time since last request: 110.184156 seconds.
  path: Assets/Scenes/Menus
  artifactKey: Guid(4be3526b0c51c294ba3e60a1ac4de564) Importer(815301076,1909f56bfc062723c751e8b465ee728b)
Start importing Assets/Scenes/Menus using Guid(4be3526b0c51c294ba3e60a1ac4de564) Importer(815301076,1909f56bfc062723c751e8b465ee728b)  -> (artifact id: 'd9ff390b283f27fc4e2a511e7a2ef776') in 0.007830 seconds 
========================================================================
Received Import Request.
  Time since last request: 0.844475 seconds.
  path: Assets/Scenes/Menus/MainMenu.unity
  artifactKey: Guid(4b0261d58309312439ab8e103ec84acf) Importer(815301076,1909f56bfc062723c751e8b465ee728b)
Start importing Assets/Scenes/Menus/MainMenu.unity using Guid(4b0261d58309312439ab8e103ec84acf) Importer(815301076,1909f56bfc062723c751e8b465ee728b)  -> (artifact id: '421507011616e8da14c2cdaff13dd7d5') in 0.007618 seconds 
========================================================================
Received Import Request.
  Time since last request: 0.779396 seconds.
  path: Assets/Scenes/Menus/ConnectMenu.unity
  artifactKey: Guid(600b0df9ce69c72428491bd9efad4f01) Importer(815301076,1909f56bfc062723c751e8b465ee728b)
Start importing Assets/Scenes/Menus/ConnectMenu.unity using Guid(600b0df9ce69c72428491bd9efad4f01) Importer(815301076,1909f56bfc062723c751e8b465ee728b)  -> (artifact id: 'aee5bc7fc0000c27696f472b9c9e8f70') in 0.008880 seconds 
========================================================================
Received Import Request.
  Time since last request: 8.852461 seconds.
  path: Assets/Scenes/Menus/SettingsMenu.unity
  artifactKey: Guid(ee346ed973b61934bbf42c6c505dafc8) Importer(815301076,1909f56bfc062723c751e8b465ee728b)
Start importing Assets/Scenes/Menus/SettingsMenu.unity using Guid(ee346ed973b61934bbf42c6c505dafc8) Importer(815301076,1909f56bfc062723c751e8b465ee728b)  -> (artifact id: '210f3ef02cfad02dafb4798ed93bd127') in 0.005280 seconds 
========================================================================
Received Prepare
Registering precompiled user dll's ...
Registered in 0.002824 seconds.
Begin MonoManager ReloadAssembly
Native extension for WindowsStandalone target not found
Refreshing native plugins compatible for Editor in 0.51 ms, found 1 plugins.
Preloading 0 native plugins for Editor in 0.00 ms.
Mono: successfully reloaded assembly
- Completed reload, in  0.789 seconds
Platform modules already initialized, skipping
Refreshing native plugins compatible for Editor in 0.51 ms, found 1 plugins.
Preloading 0 native plugins for Editor in 0.00 ms.
Unloading 2685 Unused Serialized files (Serialized files now loaded: 0)
System memory in use before: 104.9 MB.
System memory in use after: 105.0 MB.

Unloading 11 unused Assets to reduce memory usage. Loaded Objects now: 3175.
Total: 2.092800 ms (FindLiveObjects: 0.358400 ms CreateObjectMapping: 0.129300 ms MarkObjects: 1.554700 ms  DeleteObjects: 0.049300 ms)

========================================================================
Received Import Request.
  Time since last request: 99.854612 seconds.
  path: Assets/Scenes/Menus/MainMenu.unity
  artifactKey: Guid(4b0261d58309312439ab8e103ec84acf) Importer(815301076,1909f56bfc062723c751e8b465ee728b)
Start importing Assets/Scenes/Menus/MainMenu.unity using Guid(4b0261d58309312439ab8e103ec84acf) Importer(815301076,1909f56bfc062723c751e8b465ee728b)  -> (artifact id: '558cde9e9b71ff16ae2e4d7554c76154') in 0.010871 seconds 
